2024-07-01 16:45:30,237 ERROR app MainThread 
2024-07-01 16:45:30,737 ERROR app MainThread Exception on / [POST]
Traceback (most recent call last):
  File "/usr/local/lib/python3.8/site-packages/flask/app.py", line 2528, in wsgi_app
    response = self.full_dispatch_request()
  File "/usr/local/lib/python3.8/site-packages/flask/app.py", line 1825, in full_dispatch_request
    rv = self.handle_user_exception(e)
  File "/usr/local/lib/python3.8/site-packages/flask/app.py", line 1823, in full_dispatch_request
    rv = self.dispatch_request()
  File "/usr/local/lib/python3.8/site-packages/flask/app.py", line 1799, in dispatch_request
    return self.ensure_sync(self.view_functions[rule.endpoint])(**view_args)
  File "/app/app.py", line 14, in index
    log_level = int(request.form['optLogLevel'])
ValueError: invalid literal for int() with base 10: 'LOG LEVEL'
2024-07-01 16:45:33,585 ERROR app MainThread Exception on / [POST]
Traceback (most recent call last):
  File "/usr/local/lib/python3.8/site-packages/flask/app.py", line 2528, in wsgi_app
    response = self.full_dispatch_request()
  File "/usr/local/lib/python3.8/site-packages/flask/app.py", line 1825, in full_dispatch_request
    rv = self.handle_user_exception(e)
  File "/usr/local/lib/python3.8/site-packages/flask/app.py", line 1823, in full_dispatch_request
    rv = self.dispatch_request()
  File "/usr/local/lib/python3.8/site-packages/flask/app.py", line 1799, in dispatch_request
    return self.ensure_sync(self.view_functions[rule.endpoint])(**view_args)
  File "/app/app.py", line 14, in index
    log_level = int(request.form['optLogLevel'])
ValueError: invalid literal for int() with base 10: 'LOG LEVEL'
2024-07-01 16:45:39,101 ERROR app MainThread Exception on / [POST]
Traceback (most recent call last):
  File "/usr/local/lib/python3.8/site-packages/flask/app.py", line 2528, in wsgi_app
    response = self.full_dispatch_request()
  File "/usr/local/lib/python3.8/site-packages/flask/app.py", line 1825, in full_dispatch_request
    rv = self.handle_user_exception(e)
  File "/usr/local/lib/python3.8/site-packages/flask/app.py", line 1823, in full_dispatch_request
    rv = self.dispatch_request()
  File "/usr/local/lib/python3.8/site-packages/flask/app.py", line 1799, in dispatch_request
    return self.ensure_sync(self.view_functions[rule.endpoint])(**view_args)
  File "/app/app.py", line 14, in index
    log_level = int(request.form['optLogLevel'])
ValueError: invalid literal for int() with base 10: 'LOG LEVEL'
2024-07-01 16:45:41,472 ERROR app MainThread Exception on / [POST]
Traceback (most recent call last):
  File "/usr/local/lib/python3.8/site-packages/flask/app.py", line 2528, in wsgi_app
    response = self.full_dispatch_request()
  File "/usr/local/lib/python3.8/site-packages/flask/app.py", line 1825, in full_dispatch_request
    rv = self.handle_user_exception(e)
  File "/usr/local/lib/python3.8/site-packages/flask/app.py", line 1823, in full_dispatch_request
    rv = self.dispatch_request()
  File "/usr/local/lib/python3.8/site-packages/flask/app.py", line 1799, in dispatch_request
    return self.ensure_sync(self.view_functions[rule.endpoint])(**view_args)
  File "/app/app.py", line 14, in index
    log_level = int(request.form['optLogLevel'])
ValueError: invalid literal for int() with base 10: 'LOG LEVEL'
2024-07-01 16:45:48,937 ERROR app MainThread Exception on / [POST]
Traceback (most recent call last):
  File "/usr/local/lib/python3.8/site-packages/flask/app.py", line 2528, in wsgi_app
    response = self.full_dispatch_request()
  File "/usr/local/lib/python3.8/site-packages/flask/app.py", line 1825, in full_dispatch_request
    rv = self.handle_user_exception(e)
  File "/usr/local/lib/python3.8/site-packages/flask/app.py", line 1823, in full_dispatch_request
    rv = self.dispatch_request()
  File "/usr/local/lib/python3.8/site-packages/flask/app.py", line 1799, in dispatch_request
    return self.ensure_sync(self.view_functions[rule.endpoint])(**view_args)
  File "/app/app.py", line 14, in index
    log_level = int(request.form['optLogLevel'])
ValueError: invalid literal for int() with base 10: 'LOG LEVEL'
2024-07-01 16:45:50,941 ERROR app MainThread Exception on / [POST]
Traceback (most recent call last):
  File "/usr/local/lib/python3.8/site-packages/flask/app.py", line 2528, in wsgi_app
    response = self.full_dispatch_request()
  File "/usr/local/lib/python3.8/site-packages/flask/app.py", line 1825, in full_dispatch_request
    rv = self.handle_user_exception(e)
  File "/usr/local/lib/python3.8/site-packages/flask/app.py", line 1823, in full_dispatch_request
    rv = self.dispatch_request()
  File "/usr/local/lib/python3.8/site-packages/flask/app.py", line 1799, in dispatch_request
    return self.ensure_sync(self.view_functions[rule.endpoint])(**view_args)
  File "/app/app.py", line 14, in index
    log_level = int(request.form['optLogLevel'])
ValueError: invalid literal for int() with base 10: 'LOG LEVEL'
2024-07-01 16:46:12,055 ERROR app MainThread teste
2024-07-01 16:51:29,698 ERROR app MainThread Exception on / [POST]
Traceback (most recent call last):
  File "/usr/local/lib/python3.8/site-packages/flask/app.py", line 2528, in wsgi_app
    response = self.full_dispatch_request()
  File "/usr/local/lib/python3.8/site-packages/flask/app.py", line 1825, in full_dispatch_request
    rv = self.handle_user_exception(e)
  File "/usr/local/lib/python3.8/site-packages/flask/app.py", line 1823, in full_dispatch_request
    rv = self.dispatch_request()
  File "/usr/local/lib/python3.8/site-packages/flask/app.py", line 1799, in dispatch_request
    return self.ensure_sync(self.view_functions[rule.endpoint])(**view_args)
  File "/app/app.py", line 14, in index
    log_level = int(request.form['optLogLevel'])
ValueError: invalid literal for int() with base 10: 'LOG LEVEL'
2024-07-01 16:51:33,633 ERROR app MainThread teste
2024-07-01 16:54:35,193 ERROR app MainThread teste
2024-07-01 16:59:57,775 ERROR app MainThread 11
2024-07-01 17:11:54,092 ERROR app MainThread aaa
2024-07-01 17:12:48,431 ERROR app MainThread 11212
2024-07-01 17:19:14,486 ERROR app MainThread 11212
2024-07-01 17:47:32,072 ERROR app MainThread ASWAsAS
2024-07-01 17:47:34,672 ERROR app MainThread Exception on / [POST]
Traceback (most recent call last):
  File "/usr/local/lib/python3.8/site-packages/flask/app.py", line 2528, in wsgi_app
    response = self.full_dispatch_request()
  File "/usr/local/lib/python3.8/site-packages/flask/app.py", line 1825, in full_dispatch_request
    rv = self.handle_user_exception(e)
  File "/usr/local/lib/python3.8/site-packages/flask/app.py", line 1823, in full_dispatch_request
    rv = self.dispatch_request()
  File "/usr/local/lib/python3.8/site-packages/flask/app.py", line 1799, in dispatch_request
    return self.ensure_sync(self.view_functions[rule.endpoint])(**view_args)
  File "/app/app.py", line 14, in index
    log_level = int(request.form['optLogLevel'])
ValueError: invalid literal for int() with base 10: 'LOG LEVEL'
2024-07-01 17:47:37,172 ERROR app MainThread Exception on / [POST]
Traceback (most recent call last):
  File "/usr/local/lib/python3.8/site-packages/flask/app.py", line 2528, in wsgi_app
    response = self.full_dispatch_request()
  File "/usr/local/lib/python3.8/site-packages/flask/app.py", line 1825, in full_dispatch_request
    rv = self.handle_user_exception(e)
  File "/usr/local/lib/python3.8/site-packages/flask/app.py", line 1823, in full_dispatch_request
    rv = self.dispatch_request()
  File "/usr/local/lib/python3.8/site-packages/flask/app.py", line 1799, in dispatch_request
    return self.ensure_sync(self.view_functions[rule.endpoint])(**view_args)
  File "/app/app.py", line 14, in index
    log_level = int(request.form['optLogLevel'])
ValueError: invalid literal for int() with base 10: 'LOG LEVEL'
2024-07-01 17:47:39,545 WARNING app MainThread SASDAD
2024-07-01 18:09:34,616 ERROR app MainThread dasdasdasdasdasdsadadas
2024-07-01 18:39:42,123 ERROR app MainThread edae
2024-07-01 20:40:52,274 ERROR app MainThread eeee
2024-07-01 20:40:57,109 ERROR app MainThread 11
